cascade/datastream/routing/build/outputs/logs/manifest-merger-debug-report.txt
-- Merging decision tree log ---
manifest
ADDED from ProcessLibraryManifest\debug\tempAndroidManifest1141158112737180216.xml:2:13-83
INJECTED from ProcessLibraryManifest\debug\tempAndroidManifest1141158112737180216.xml:2:13-83
	package
		INJECTED from ProcessLibraryManifest\debug\tempAndroidManifest1141158112737180216.xml
	xmlns:android
		ADDED from ProcessLibraryManifest\debug\tempAndroidManifest1141158112737180216.xml:2:23-81
uses-sdk
INJECTED from ProcessLibraryManifest\debug\tempAndroidManifest1141158112737180216.xml reason: use-sdk injection requested
INJECTED from ProcessLibraryManifest\debug\tempAndroidManifest1141158112737180216.xml
INJECTED from ProcessLibraryManifest\debug\tempAndroidManifest1141158112737180216.xml
	android:targetSdkVersion
		INJECTED from ProcessLibraryManifest\debug\tempAndroidManifest1141158112737180216.xml
	android:minSdkVersion
		INJECTED from ProcessLibraryManifest\debug\tempAndroidManifest1141158112737180216.xml